
*** Running vivado
    with args -log SUBWAY.vds -m64 -product Vivado -mode batch -messageDb vivado.pb -notrace -source SUBWAY.tcl



****** Vivado v2022.2 (64-bit)
  **** SW Build 3671981 on Fri Oct 14 05:00:03 MDT 2022
  **** IP Build 3669848 on Fri Oct 14 08:30:02 MDT 2022
    ** Copyright 1986-2022 Xilinx, Inc. All Rights Reserved.

source SUBWAY.tcl -notrace
Command: read_checkpoint -auto_incremental -incremental C:/Users/603/Desktop/FPGA/final/final.srcs/utils_1/imports/synth_1/SUBWAY.dcp
INFO: [Vivado 12-5825] Read reference checkpoint from C:/Users/603/Desktop/FPGA/final/final.srcs/utils_1/imports/synth_1/SUBWAY.dcp for incremental synthesis
INFO: [Vivado 12-7989] Please ensure there are no constraint changes
Command: synth_design -top SUBWAY -part xc7k70tfbv676-1
Starting synth_design
Attempting to get a license for feature 'Synthesis' and/or device 'xc7k70t'
INFO: [Common 17-349] Got license for feature 'Synthesis' and/or device 'xc7k70t'
INFO: [Designutils 20-5440] No compile time benefit to using incremental synthesis; A full resynthesis will be run
INFO: [Designutils 20-4379] Flow is switching to default flow due to incremental criteria not met. If you would like to alter this behaviour and have the flow terminate instead, please set the following parameter config_implementation {autoIncr.Synth.RejectBehavior Terminate}
INFO: [Synth 8-7079] Multithreading enabled for synth_design using a maximum of 2 processes.
INFO: [Synth 8-7078] Launching helper process for spawning children vivado processes
INFO: [Synth 8-7075] Helper process launched with PID 38476
INFO: [Synth 8-11241] undeclared symbol 'REGCCE', assumed default net type 'wire' [C:/Xilinx/Vivado/2022.2/data/verilog/src/unimacro/BRAM_SINGLE_MACRO.v:2170]
---------------------------------------------------------------------------------
Starting Synthesize : Time (s): cpu = 00:00:02 ; elapsed = 00:00:03 . Memory (MB): peak = 835.969 ; gain = 410.461
---------------------------------------------------------------------------------
INFO: [Synth 8-6157] synthesizing module 'SUBWAY' [C:/Users/603/Desktop/FPGA/final/final.srcs/sources_1/new/subway.v:23]
WARNING: [Synth 8-324] index 2 out of range [C:/Users/603/Desktop/FPGA/final/final.srcs/sources_1/new/subway.v:138]
WARNING: [Synth 8-324] index 2 out of range [C:/Users/603/Desktop/FPGA/final/final.srcs/sources_1/new/subway.v:138]
WARNING: [Synth 8-324] index 2 out of range [C:/Users/603/Desktop/FPGA/final/final.srcs/sources_1/new/subway.v:138]
WARNING: [Synth 8-324] index 2 out of range [C:/Users/603/Desktop/FPGA/final/final.srcs/sources_1/new/subway.v:138]
WARNING: [Synth 8-324] index 2 out of range [C:/Users/603/Desktop/FPGA/final/final.srcs/sources_1/new/subway.v:138]
WARNING: [Synth 8-324] index 2 out of range [C:/Users/603/Desktop/FPGA/final/final.srcs/sources_1/new/subway.v:138]
WARNING: [Synth 8-324] index 2 out of range [C:/Users/603/Desktop/FPGA/final/final.srcs/sources_1/new/subway.v:138]
WARNING: [Synth 8-324] index 2 out of range [C:/Users/603/Desktop/FPGA/final/final.srcs/sources_1/new/subway.v:138]
WARNING: [Synth 8-324] index 2 out of range [C:/Users/603/Desktop/FPGA/final/final.srcs/sources_1/new/subway.v:138]
WARNING: [Synth 8-324] index 2 out of range [C:/Users/603/Desktop/FPGA/final/final.srcs/sources_1/new/subway.v:138]
WARNING: [Synth 8-324] index 2 out of range [C:/Users/603/Desktop/FPGA/final/final.srcs/sources_1/new/subway.v:138]
WARNING: [Synth 8-324] index 2 out of range [C:/Users/603/Desktop/FPGA/final/final.srcs/sources_1/new/subway.v:138]
WARNING: [Synth 8-324] index 2 out of range [C:/Users/603/Desktop/FPGA/final/final.srcs/sources_1/new/subway.v:138]
WARNING: [Synth 8-324] index 2 out of range [C:/Users/603/Desktop/FPGA/final/final.srcs/sources_1/new/subway.v:138]
WARNING: [Synth 8-324] index 2 out of range [C:/Users/603/Desktop/FPGA/final/final.srcs/sources_1/new/subway.v:138]
WARNING: [Synth 8-324] index 2 out of range [C:/Users/603/Desktop/FPGA/final/final.srcs/sources_1/new/subway.v:138]
WARNING: [Synth 8-324] index 2 out of range [C:/Users/603/Desktop/FPGA/final/final.srcs/sources_1/new/subway.v:138]
WARNING: [Synth 8-324] index 2 out of range [C:/Users/603/Desktop/FPGA/final/final.srcs/sources_1/new/subway.v:138]
WARNING: [Synth 8-324] index 2 out of range [C:/Users/603/Desktop/FPGA/final/final.srcs/sources_1/new/subway.v:138]
WARNING: [Synth 8-324] index 2 out of range [C:/Users/603/Desktop/FPGA/final/final.srcs/sources_1/new/subway.v:138]
WARNING: [Synth 8-324] index 2 out of range [C:/Users/603/Desktop/FPGA/final/final.srcs/sources_1/new/subway.v:138]
WARNING: [Synth 8-324] index 2 out of range [C:/Users/603/Desktop/FPGA/final/final.srcs/sources_1/new/subway.v:138]
WARNING: [Synth 8-324] index 2 out of range [C:/Users/603/Desktop/FPGA/final/final.srcs/sources_1/new/subway.v:138]
WARNING: [Synth 8-324] index 2 out of range [C:/Users/603/Desktop/FPGA/final/final.srcs/sources_1/new/subway.v:138]
WARNING: [Synth 8-324] index 2 out of range [C:/Users/603/Desktop/FPGA/final/final.srcs/sources_1/new/subway.v:138]
WARNING: [Synth 8-324] index 2 out of range [C:/Users/603/Desktop/FPGA/final/final.srcs/sources_1/new/subway.v:138]
WARNING: [Synth 8-324] index 2 out of range [C:/Users/603/Desktop/FPGA/final/final.srcs/sources_1/new/subway.v:138]
WARNING: [Synth 8-324] index 2 out of range [C:/Users/603/Desktop/FPGA/final/final.srcs/sources_1/new/subway.v:138]
WARNING: [Synth 8-324] index 2 out of range [C:/Users/603/Desktop/FPGA/final/final.srcs/sources_1/new/subway.v:138]
WARNING: [Synth 8-324] index 2 out of range [C:/Users/603/Desktop/FPGA/final/final.srcs/sources_1/new/subway.v:138]
WARNING: [Synth 8-324] index 2 out of range [C:/Users/603/Desktop/FPGA/final/final.srcs/sources_1/new/subway.v:138]
WARNING: [Synth 8-324] index 2 out of range [C:/Users/603/Desktop/FPGA/final/final.srcs/sources_1/new/subway.v:138]
WARNING: [Synth 8-324] index 2 out of range [C:/Users/603/Desktop/FPGA/final/final.srcs/sources_1/new/subway.v:138]
WARNING: [Synth 8-324] index 2 out of range [C:/Users/603/Desktop/FPGA/final/final.srcs/sources_1/new/subway.v:138]
WARNING: [Synth 8-324] index 2 out of range [C:/Users/603/Desktop/FPGA/final/final.srcs/sources_1/new/subway.v:138]
WARNING: [Synth 8-324] index 2 out of range [C:/Users/603/Desktop/FPGA/final/final.srcs/sources_1/new/subway.v:138]
WARNING: [Synth 8-324] index 2 out of range [C:/Users/603/Desktop/FPGA/final/final.srcs/sources_1/new/subway.v:138]
WARNING: [Synth 8-324] index 2 out of range [C:/Users/603/Desktop/FPGA/final/final.srcs/sources_1/new/subway.v:138]
WARNING: [Synth 8-324] index 2 out of range [C:/Users/603/Desktop/FPGA/final/final.srcs/sources_1/new/subway.v:138]
WARNING: [Synth 8-324] index 2 out of range [C:/Users/603/Desktop/FPGA/final/final.srcs/sources_1/new/subway.v:138]
WARNING: [Synth 8-324] index 2 out of range [C:/Users/603/Desktop/FPGA/final/final.srcs/sources_1/new/subway.v:138]
WARNING: [Synth 8-324] index 2 out of range [C:/Users/603/Desktop/FPGA/final/final.srcs/sources_1/new/subway.v:138]
WARNING: [Synth 8-324] index 2 out of range [C:/Users/603/Desktop/FPGA/final/final.srcs/sources_1/new/subway.v:138]
WARNING: [Synth 8-324] index 2 out of range [C:/Users/603/Desktop/FPGA/final/final.srcs/sources_1/new/subway.v:138]
WARNING: [Synth 8-324] index 2 out of range [C:/Users/603/Desktop/FPGA/final/final.srcs/sources_1/new/subway.v:138]
WARNING: [Synth 8-324] index 2 out of range [C:/Users/603/Desktop/FPGA/final/final.srcs/sources_1/new/subway.v:138]
WARNING: [Synth 8-324] index 2 out of range [C:/Users/603/Desktop/FPGA/final/final.srcs/sources_1/new/subway.v:138]
WARNING: [Synth 8-324] index 2 out of range [C:/Users/603/Desktop/FPGA/final/final.srcs/sources_1/new/subway.v:138]
WARNING: [Synth 8-324] index 2 out of range [C:/Users/603/Desktop/FPGA/final/final.srcs/sources_1/new/subway.v:138]
WARNING: [Synth 8-324] index 2 out of range [C:/Users/603/Desktop/FPGA/final/final.srcs/sources_1/new/subway.v:138]
WARNING: [Synth 8-324] index 2 out of range [C:/Users/603/Desktop/FPGA/final/final.srcs/sources_1/new/subway.v:138]
WARNING: [Synth 8-324] index 2 out of range [C:/Users/603/Desktop/FPGA/final/final.srcs/sources_1/new/subway.v:138]
WARNING: [Synth 8-324] index 2 out of range [C:/Users/603/Desktop/FPGA/final/final.srcs/sources_1/new/subway.v:138]
WARNING: [Synth 8-324] index 2 out of range [C:/Users/603/Desktop/FPGA/final/final.srcs/sources_1/new/subway.v:138]
WARNING: [Synth 8-324] index 2 out of range [C:/Users/603/Desktop/FPGA/final/final.srcs/sources_1/new/subway.v:138]
WARNING: [Synth 8-324] index 2 out of range [C:/Users/603/Desktop/FPGA/final/final.srcs/sources_1/new/subway.v:138]
WARNING: [Synth 8-324] index 2 out of range [C:/Users/603/Desktop/FPGA/final/final.srcs/sources_1/new/subway.v:138]
WARNING: [Synth 8-324] index 2 out of range [C:/Users/603/Desktop/FPGA/final/final.srcs/sources_1/new/subway.v:138]
WARNING: [Synth 8-324] index 2 out of range [C:/Users/603/Desktop/FPGA/final/final.srcs/sources_1/new/subway.v:138]
WARNING: [Synth 8-324] index 2 out of range [C:/Users/603/Desktop/FPGA/final/final.srcs/sources_1/new/subway.v:138]
WARNING: [Synth 8-324] index 2 out of range [C:/Users/603/Desktop/FPGA/final/final.srcs/sources_1/new/subway.v:138]
WARNING: [Synth 8-324] index 2 out of range [C:/Users/603/Desktop/FPGA/final/final.srcs/sources_1/new/subway.v:138]
WARNING: [Synth 8-324] index 2 out of range [C:/Users/603/Desktop/FPGA/final/final.srcs/sources_1/new/subway.v:138]
WARNING: [Synth 8-324] index 3 out of range [C:/Users/603/Desktop/FPGA/final/final.srcs/sources_1/new/subway.v:138]
WARNING: [Synth 8-324] index 3 out of range [C:/Users/603/Desktop/FPGA/final/final.srcs/sources_1/new/subway.v:138]
WARNING: [Synth 8-324] index 3 out of range [C:/Users/603/Desktop/FPGA/final/final.srcs/sources_1/new/subway.v:138]
WARNING: [Synth 8-324] index 3 out of range [C:/Users/603/Desktop/FPGA/final/final.srcs/sources_1/new/subway.v:138]
WARNING: [Synth 8-324] index 3 out of range [C:/Users/603/Desktop/FPGA/final/final.srcs/sources_1/new/subway.v:138]
WARNING: [Synth 8-324] index 3 out of range [C:/Users/603/Desktop/FPGA/final/final.srcs/sources_1/new/subway.v:138]
WARNING: [Synth 8-324] index 3 out of range [C:/Users/603/Desktop/FPGA/final/final.srcs/sources_1/new/subway.v:138]
WARNING: [Synth 8-324] index 3 out of range [C:/Users/603/Desktop/FPGA/final/final.srcs/sources_1/new/subway.v:138]
WARNING: [Synth 8-324] index 3 out of range [C:/Users/603/Desktop/FPGA/final/final.srcs/sources_1/new/subway.v:138]
WARNING: [Synth 8-324] index 3 out of range [C:/Users/603/Desktop/FPGA/final/final.srcs/sources_1/new/subway.v:138]
WARNING: [Synth 8-324] index 3 out of range [C:/Users/603/Desktop/FPGA/final/final.srcs/sources_1/new/subway.v:138]
WARNING: [Synth 8-324] index 3 out of range [C:/Users/603/Desktop/FPGA/final/final.srcs/sources_1/new/subway.v:138]
WARNING: [Synth 8-324] index 3 out of range [C:/Users/603/Desktop/FPGA/final/final.srcs/sources_1/new/subway.v:138]
WARNING: [Synth 8-324] index 3 out of range [C:/Users/603/Desktop/FPGA/final/final.srcs/sources_1/new/subway.v:138]
WARNING: [Synth 8-324] index 3 out of range [C:/Users/603/Desktop/FPGA/final/final.srcs/sources_1/new/subway.v:138]
WARNING: [Synth 8-324] index 3 out of range [C:/Users/603/Desktop/FPGA/final/final.srcs/sources_1/new/subway.v:138]
WARNING: [Synth 8-324] index 3 out of range [C:/Users/603/Desktop/FPGA/final/final.srcs/sources_1/new/subway.v:138]
WARNING: [Synth 8-324] index 3 out of range [C:/Users/603/Desktop/FPGA/final/final.srcs/sources_1/new/subway.v:138]
WARNING: [Synth 8-324] index 3 out of range [C:/Users/603/Desktop/FPGA/final/final.srcs/sources_1/new/subway.v:138]
WARNING: [Synth 8-324] index 3 out of range [C:/Users/603/Desktop/FPGA/final/final.srcs/sources_1/new/subway.v:138]
WARNING: [Synth 8-324] index 3 out of range [C:/Users/603/Desktop/FPGA/final/final.srcs/sources_1/new/subway.v:138]
WARNING: [Synth 8-324] index 3 out of range [C:/Users/603/Desktop/FPGA/final/final.srcs/sources_1/new/subway.v:138]
WARNING: [Synth 8-324] index 3 out of range [C:/Users/603/Desktop/FPGA/final/final.srcs/sources_1/new/subway.v:138]
WARNING: [Synth 8-324] index 3 out of range [C:/Users/603/Desktop/FPGA/final/final.srcs/sources_1/new/subway.v:138]
WARNING: [Synth 8-324] index 3 out of range [C:/Users/603/Desktop/FPGA/final/final.srcs/sources_1/new/subway.v:138]
WARNING: [Synth 8-324] index 3 out of range [C:/Users/603/Desktop/FPGA/final/final.srcs/sources_1/new/subway.v:138]
WARNING: [Synth 8-324] index 3 out of range [C:/Users/603/Desktop/FPGA/final/final.srcs/sources_1/new/subway.v:138]
WARNING: [Synth 8-324] index 3 out of range [C:/Users/603/Desktop/FPGA/final/final.srcs/sources_1/new/subway.v:138]
WARNING: [Synth 8-324] index 3 out of range [C:/Users/603/Desktop/FPGA/final/final.srcs/sources_1/new/subway.v:138]
WARNING: [Synth 8-324] index 3 out of range [C:/Users/603/Desktop/FPGA/final/final.srcs/sources_1/new/subway.v:138]
WARNING: [Synth 8-324] index 3 out of range [C:/Users/603/Desktop/FPGA/final/final.srcs/sources_1/new/subway.v:138]
WARNING: [Synth 8-324] index 3 out of range [C:/Users/603/Desktop/FPGA/final/final.srcs/sources_1/new/subway.v:138]
WARNING: [Synth 8-324] index 3 out of range [C:/Users/603/Desktop/FPGA/final/final.srcs/sources_1/new/subway.v:138]
WARNING: [Synth 8-324] index 3 out of range [C:/Users/603/Desktop/FPGA/final/final.srcs/sources_1/new/subway.v:138]
WARNING: [Synth 8-324] index 3 out of range [C:/Users/603/Desktop/FPGA/final/final.srcs/sources_1/new/subway.v:138]
WARNING: [Synth 8-324] index 3 out of range [C:/Users/603/Desktop/FPGA/final/final.srcs/sources_1/new/subway.v:138]
WARNING: [Synth 8-324] index 3 out of range [C:/Users/603/Desktop/FPGA/final/final.srcs/sources_1/new/subway.v:138]
INFO: [Common 17-14] Message 'Synth 8-324' appears 100 times and further instances of the messages will be disabled. Use the Tcl command set_msg_config to change the current settings.
INFO: [Synth 8-155] case statement is not full and has no default [C:/Users/603/Desktop/FPGA/final/final.srcs/sources_1/new/subway.v:142]
INFO: [Synth 8-155] case statement is not full and has no default [C:/Users/603/Desktop/FPGA/final/final.srcs/sources_1/new/subway.v:664]
INFO: [Synth 8-155] case statement is not full and has no default [C:/Users/603/Desktop/FPGA/final/final.srcs/sources_1/new/subway.v:713]
INFO: [Synth 8-6155] done synthesizing module 'SUBWAY' (0#1) [C:/Users/603/Desktop/FPGA/final/final.srcs/sources_1/new/subway.v:23]
WARNING: [Synth 8-6014] Unused sequential element map_design_reg[0][0] was removed.  [C:/Users/603/Desktop/FPGA/final/final.srcs/sources_1/new/subway.v:659]
WARNING: [Synth 8-6014] Unused sequential element map_design_reg[0][1] was removed.  [C:/Users/603/Desktop/FPGA/final/final.srcs/sources_1/new/subway.v:659]
WARNING: [Synth 8-6014] Unused sequential element map_design_reg[0][3] was removed.  [C:/Users/603/Desktop/FPGA/final/final.srcs/sources_1/new/subway.v:659]
WARNING: [Synth 8-6014] Unused sequential element map_design_reg[0][5] was removed.  [C:/Users/603/Desktop/FPGA/final/final.srcs/sources_1/new/subway.v:659]
WARNING: [Synth 8-6014] Unused sequential element map_design_reg[0][7] was removed.  [C:/Users/603/Desktop/FPGA/final/final.srcs/sources_1/new/subway.v:659]
WARNING: [Synth 8-6014] Unused sequential element map_design_reg[0][9] was removed.  [C:/Users/603/Desktop/FPGA/final/final.srcs/sources_1/new/subway.v:659]
WARNING: [Synth 8-6014] Unused sequential element map_design_reg[0][11] was removed.  [C:/Users/603/Desktop/FPGA/final/final.srcs/sources_1/new/subway.v:659]
WARNING: [Synth 8-6014] Unused sequential element map_design_reg[0][13] was removed.  [C:/Users/603/Desktop/FPGA/final/final.srcs/sources_1/new/subway.v:659]
WARNING: [Synth 8-6014] Unused sequential element map_design_reg[0][15] was removed.  [C:/Users/603/Desktop/FPGA/final/final.srcs/sources_1/new/subway.v:659]
WARNING: [Synth 8-6014] Unused sequential element map_design_reg[0][17] was removed.  [C:/Users/603/Desktop/FPGA/final/final.srcs/sources_1/new/subway.v:659]
WARNING: [Synth 8-6014] Unused sequential element map_design_reg[0][19] was removed.  [C:/Users/603/Desktop/FPGA/final/final.srcs/sources_1/new/subway.v:659]
WARNING: [Synth 8-6014] Unused sequential element map_design_reg[0][21] was removed.  [C:/Users/603/Desktop/FPGA/final/final.srcs/sources_1/new/subway.v:659]
WARNING: [Synth 8-6014] Unused sequential element map_design_reg[0][23] was removed.  [C:/Users/603/Desktop/FPGA/final/final.srcs/sources_1/new/subway.v:659]
WARNING: [Synth 8-6014] Unused sequential element map_design_reg[0][25] was removed.  [C:/Users/603/Desktop/FPGA/final/final.srcs/sources_1/new/subway.v:659]
WARNING: [Synth 8-6014] Unused sequential element map_design_reg[0][27] was removed.  [C:/Users/603/Desktop/FPGA/final/final.srcs/sources_1/new/subway.v:659]
WARNING: [Synth 8-6014] Unused sequential element map_design_reg[0][29] was removed.  [C:/Users/603/Desktop/FPGA/final/final.srcs/sources_1/new/subway.v:659]
WARNING: [Synth 8-6014] Unused sequential element map_design_reg[0][31] was removed.  [C:/Users/603/Desktop/FPGA/final/final.srcs/sources_1/new/subway.v:659]
WARNING: [Synth 8-6014] Unused sequential element map_design_reg[0][33] was removed.  [C:/Users/603/Desktop/FPGA/final/final.srcs/sources_1/new/subway.v:659]
WARNING: [Synth 8-6014] Unused sequential element map_design_reg[0][35] was removed.  [C:/Users/603/Desktop/FPGA/final/final.srcs/sources_1/new/subway.v:659]
WARNING: [Synth 8-6014] Unused sequential element map_design_reg[0][37] was removed.  [C:/Users/603/Desktop/FPGA/final/final.srcs/sources_1/new/subway.v:659]
WARNING: [Synth 8-6014] Unused sequential element map_design_reg[0][39] was removed.  [C:/Users/603/Desktop/FPGA/final/final.srcs/sources_1/new/subway.v:659]
WARNING: [Synth 8-6014] Unused sequential element map_design_reg[0][41] was removed.  [C:/Users/603/Desktop/FPGA/final/final.srcs/sources_1/new/subway.v:659]
WARNING: [Synth 8-6014] Unused sequential element map_design_reg[0][43] was removed.  [C:/Users/603/Desktop/FPGA/final/final.srcs/sources_1/new/subway.v:659]
WARNING: [Synth 8-6014] Unused sequential element map_design_reg[0][45] was removed.  [C:/Users/603/Desktop/FPGA/final/final.srcs/sources_1/new/subway.v:659]
WARNING: [Synth 8-6014] Unused sequential element map_design_reg[0][47] was removed.  [C:/Users/603/Desktop/FPGA/final/final.srcs/sources_1/new/subway.v:659]
WARNING: [Synth 8-6014] Unused sequential element map_design_reg[0][49] was removed.  [C:/Users/603/Desktop/FPGA/final/final.srcs/sources_1/new/subway.v:659]
WARNING: [Synth 8-6014] Unused sequential element map_design_reg[0][51] was removed.  [C:/Users/603/Desktop/FPGA/final/final.srcs/sources_1/new/subway.v:659]
WARNING: [Synth 8-6014] Unused sequential element map_design_reg[0][53] was removed.  [C:/Users/603/Desktop/FPGA/final/final.srcs/sources_1/new/subway.v:659]
WARNING: [Synth 8-6014] Unused sequential element map_design_reg[0][55] was removed.  [C:/Users/603/Desktop/FPGA/final/final.srcs/sources_1/new/subway.v:659]
WARNING: [Synth 8-6014] Unused sequential element map_design_reg[0][57] was removed.  [C:/Users/603/Desktop/FPGA/final/final.srcs/sources_1/new/subway.v:659]
WARNING: [Synth 8-6014] Unused sequential element map_design_reg[0][59] was removed.  [C:/Users/603/Desktop/FPGA/final/final.srcs/sources_1/new/subway.v:659]
WARNING: [Synth 8-6014] Unused sequential element map_design_reg[0][61] was removed.  [C:/Users/603/Desktop/FPGA/final/final.srcs/sources_1/new/subway.v:659]
WARNING: [Synth 8-6014] Unused sequential element map_design_reg[0][63] was removed.  [C:/Users/603/Desktop/FPGA/final/final.srcs/sources_1/new/subway.v:659]
WARNING: [Synth 8-6014] Unused sequential element map_design_reg[1][0] was removed.  [C:/Users/603/Desktop/FPGA/final/final.srcs/sources_1/new/subway.v:659]
WARNING: [Synth 8-6014] Unused sequential element map_design_reg[1][1] was removed.  [C:/Users/603/Desktop/FPGA/final/final.srcs/sources_1/new/subway.v:659]
WARNING: [Synth 8-6014] Unused sequential element map_design_reg[1][3] was removed.  [C:/Users/603/Desktop/FPGA/final/final.srcs/sources_1/new/subway.v:659]
WARNING: [Synth 8-6014] Unused sequential element map_design_reg[1][5] was removed.  [C:/Users/603/Desktop/FPGA/final/final.srcs/sources_1/new/subway.v:659]
WARNING: [Synth 8-6014] Unused sequential element map_design_reg[1][7] was removed.  [C:/Users/603/Desktop/FPGA/final/final.srcs/sources_1/new/subway.v:659]
WARNING: [Synth 8-6014] Unused sequential element map_design_reg[1][9] was removed.  [C:/Users/603/Desktop/FPGA/final/final.srcs/sources_1/new/subway.v:659]
WARNING: [Synth 8-6014] Unused sequential element map_design_reg[1][11] was removed.  [C:/Users/603/Desktop/FPGA/final/final.srcs/sources_1/new/subway.v:659]
WARNING: [Synth 8-6014] Unused sequential element map_design_reg[1][13] was removed.  [C:/Users/603/Desktop/FPGA/final/final.srcs/sources_1/new/subway.v:659]
WARNING: [Synth 8-6014] Unused sequential element map_design_reg[1][15] was removed.  [C:/Users/603/Desktop/FPGA/final/final.srcs/sources_1/new/subway.v:659]
WARNING: [Synth 8-6014] Unused sequential element map_design_reg[1][17] was removed.  [C:/Users/603/Desktop/FPGA/final/final.srcs/sources_1/new/subway.v:659]
WARNING: [Synth 8-6014] Unused sequential element map_design_reg[1][19] was removed.  [C:/Users/603/Desktop/FPGA/final/final.srcs/sources_1/new/subway.v:659]
WARNING: [Synth 8-6014] Unused sequential element map_design_reg[1][21] was removed.  [C:/Users/603/Desktop/FPGA/final/final.srcs/sources_1/new/subway.v:659]
WARNING: [Synth 8-6014] Unused sequential element map_design_reg[1][23] was removed.  [C:/Users/603/Desktop/FPGA/final/final.srcs/sources_1/new/subway.v:659]
WARNING: [Synth 8-6014] Unused sequential element map_design_reg[1][25] was removed.  [C:/Users/603/Desktop/FPGA/final/final.srcs/sources_1/new/subway.v:659]
WARNING: [Synth 8-6014] Unused sequential element map_design_reg[1][27] was removed.  [C:/Users/603/Desktop/FPGA/final/final.srcs/sources_1/new/subway.v:659]
WARNING: [Synth 8-6014] Unused sequential element map_design_reg[1][29] was removed.  [C:/Users/603/Desktop/FPGA/final/final.srcs/sources_1/new/subway.v:659]
WARNING: [Synth 8-6014] Unused sequential element map_design_reg[1][31] was removed.  [C:/Users/603/Desktop/FPGA/final/final.srcs/sources_1/new/subway.v:659]
WARNING: [Synth 8-6014] Unused sequential element map_design_reg[1][33] was removed.  [C:/Users/603/Desktop/FPGA/final/final.srcs/sources_1/new/subway.v:659]
WARNING: [Synth 8-6014] Unused sequential element map_design_reg[1][35] was removed.  [C:/Users/603/Desktop/FPGA/final/final.srcs/sources_1/new/subway.v:659]
WARNING: [Synth 8-6014] Unused sequential element map_design_reg[1][37] was removed.  [C:/Users/603/Desktop/FPGA/final/final.srcs/sources_1/new/subway.v:659]
WARNING: [Synth 8-6014] Unused sequential element map_design_reg[1][39] was removed.  [C:/Users/603/Desktop/FPGA/final/final.srcs/sources_1/new/subway.v:659]
WARNING: [Synth 8-6014] Unused sequential element map_design_reg[1][41] was removed.  [C:/Users/603/Desktop/FPGA/final/final.srcs/sources_1/new/subway.v:659]
WARNING: [Synth 8-6014] Unused sequential element map_design_reg[1][43] was removed.  [C:/Users/603/Desktop/FPGA/final/final.srcs/sources_1/new/subway.v:659]
WARNING: [Synth 8-6014] Unused sequential element map_design_reg[1][45] was removed.  [C:/Users/603/Desktop/FPGA/final/final.srcs/sources_1/new/subway.v:659]
WARNING: [Synth 8-6014] Unused sequential element map_design_reg[1][47] was removed.  [C:/Users/603/Desktop/FPGA/final/final.srcs/sources_1/new/subway.v:659]
WARNING: [Synth 8-6014] Unused sequential element map_design_reg[1][49] was removed.  [C:/Users/603/Desktop/FPGA/final/final.srcs/sources_1/new/subway.v:659]
WARNING: [Synth 8-6014] Unused sequential element map_design_reg[1][51] was removed.  [C:/Users/603/Desktop/FPGA/final/final.srcs/sources_1/new/subway.v:659]
WARNING: [Synth 8-6014] Unused sequential element map_design_reg[1][53] was removed.  [C:/Users/603/Desktop/FPGA/final/final.srcs/sources_1/new/subway.v:659]
WARNING: [Synth 8-6014] Unused sequential element map_design_reg[1][55] was removed.  [C:/Users/603/Desktop/FPGA/final/final.srcs/sources_1/new/subway.v:659]
WARNING: [Synth 8-6014] Unused sequential element map_design_reg[1][57] was removed.  [C:/Users/603/Desktop/FPGA/final/final.srcs/sources_1/new/subway.v:659]
WARNING: [Synth 8-6014] Unused sequential element map_design_reg[1][59] was removed.  [C:/Users/603/Desktop/FPGA/final/final.srcs/sources_1/new/subway.v:659]
WARNING: [Synth 8-6014] Unused sequential element map_design_reg[1][61] was removed.  [C:/Users/603/Desktop/FPGA/final/final.srcs/sources_1/new/subway.v:659]
WARNING: [Synth 8-6014] Unused sequential element map_design_reg[1][63] was removed.  [C:/Users/603/Desktop/FPGA/final/final.srcs/sources_1/new/subway.v:659]
WARNING: [Synth 8-6014] Unused sequential element map_design_reg[2][0] was removed.  [C:/Users/603/Desktop/FPGA/final/final.srcs/sources_1/new/subway.v:659]
WARNING: [Synth 8-6014] Unused sequential element map_design_reg[2][1] was removed.  [C:/Users/603/Desktop/FPGA/final/final.srcs/sources_1/new/subway.v:659]
WARNING: [Synth 8-6014] Unused sequential element map_design_reg[2][3] was removed.  [C:/Users/603/Desktop/FPGA/final/final.srcs/sources_1/new/subway.v:659]
WARNING: [Synth 8-6014] Unused sequential element map_design_reg[2][5] was removed.  [C:/Users/603/Desktop/FPGA/final/final.srcs/sources_1/new/subway.v:659]
WARNING: [Synth 8-6014] Unused sequential element map_design_reg[2][7] was removed.  [C:/Users/603/Desktop/FPGA/final/final.srcs/sources_1/new/subway.v:659]
WARNING: [Synth 8-6014] Unused sequential element map_design_reg[2][9] was removed.  [C:/Users/603/Desktop/FPGA/final/final.srcs/sources_1/new/subway.v:659]
WARNING: [Synth 8-6014] Unused sequential element map_design_reg[2][11] was removed.  [C:/Users/603/Desktop/FPGA/final/final.srcs/sources_1/new/subway.v:659]
WARNING: [Synth 8-6014] Unused sequential element map_design_reg[2][13] was removed.  [C:/Users/603/Desktop/FPGA/final/final.srcs/sources_1/new/subway.v:659]
WARNING: [Synth 8-6014] Unused sequential element map_design_reg[2][15] was removed.  [C:/Users/603/Desktop/FPGA/final/final.srcs/sources_1/new/subway.v:659]
WARNING: [Synth 8-6014] Unused sequential element map_design_reg[2][17] was removed.  [C:/Users/603/Desktop/FPGA/final/final.srcs/sources_1/new/subway.v:659]
WARNING: [Synth 8-6014] Unused sequential element map_design_reg[2][19] was removed.  [C:/Users/603/Desktop/FPGA/final/final.srcs/sources_1/new/subway.v:659]
WARNING: [Synth 8-6014] Unused sequential element map_design_reg[2][21] was removed.  [C:/Users/603/Desktop/FPGA/final/final.srcs/sources_1/new/subway.v:659]
WARNING: [Synth 8-6014] Unused sequential element map_design_reg[2][23] was removed.  [C:/Users/603/Desktop/FPGA/final/final.srcs/sources_1/new/subway.v:659]
WARNING: [Synth 8-6014] Unused sequential element map_design_reg[2][25] was removed.  [C:/Users/603/Desktop/FPGA/final/final.srcs/sources_1/new/subway.v:659]
WARNING: [Synth 8-6014] Unused sequential element map_design_reg[2][27] was removed.  [C:/Users/603/Desktop/FPGA/final/final.srcs/sources_1/new/subway.v:659]
WARNING: [Synth 8-6014] Unused sequential element map_design_reg[2][29] was removed.  [C:/Users/603/Desktop/FPGA/final/final.srcs/sources_1/new/subway.v:659]
WARNING: [Synth 8-6014] Unused sequential element map_design_reg[2][31] was removed.  [C:/Users/603/Desktop/FPGA/final/final.srcs/sources_1/new/subway.v:659]
WARNING: [Synth 8-6014] Unused sequential element map_design_reg[2][33] was removed.  [C:/Users/603/Desktop/FPGA/final/final.srcs/sources_1/new/subway.v:659]
WARNING: [Synth 8-6014] Unused sequential element map_design_reg[2][35] was removed.  [C:/Users/603/Desktop/FPGA/final/final.srcs/sources_1/new/subway.v:659]
WARNING: [Synth 8-6014] Unused sequential element map_design_reg[2][37] was removed.  [C:/Users/603/Desktop/FPGA/final/final.srcs/sources_1/new/subway.v:659]
WARNING: [Synth 8-6014] Unused sequential element map_design_reg[2][39] was removed.  [C:/Users/603/Desktop/FPGA/final/final.srcs/sources_1/new/subway.v:659]
WARNING: [Synth 8-6014] Unused sequential element map_design_reg[2][41] was removed.  [C:/Users/603/Desktop/FPGA/final/final.srcs/sources_1/new/subway.v:659]
WARNING: [Synth 8-6014] Unused sequential element map_design_reg[2][43] was removed.  [C:/Users/603/Desktop/FPGA/final/final.srcs/sources_1/new/subway.v:659]
WARNING: [Synth 8-6014] Unused sequential element map_design_reg[2][45] was removed.  [C:/Users/603/Desktop/FPGA/final/final.srcs/sources_1/new/subway.v:659]
WARNING: [Synth 8-6014] Unused sequential element map_design_reg[2][47] was removed.  [C:/Users/603/Desktop/FPGA/final/final.srcs/sources_1/new/subway.v:659]
WARNING: [Synth 8-6014] Unused sequential element map_design_reg[2][49] was removed.  [C:/Users/603/Desktop/FPGA/final/final.srcs/sources_1/new/subway.v:659]
WARNING: [Synth 8-6014] Unused sequential element map_design_reg[2][51] was removed.  [C:/Users/603/Desktop/FPGA/final/final.srcs/sources_1/new/subway.v:659]
WARNING: [Synth 8-6014] Unused sequential element map_design_reg[2][53] was removed.  [C:/Users/603/Desktop/FPGA/final/final.srcs/sources_1/new/subway.v:659]
WARNING: [Synth 8-6014] Unused sequential element map_design_reg[2][55] was removed.  [C:/Users/603/Desktop/FPGA/final/final.srcs/sources_1/new/subway.v:659]
WARNING: [Synth 8-6014] Unused sequential element map_design_reg[2][57] was removed.  [C:/Users/603/Desktop/FPGA/final/final.srcs/sources_1/new/subway.v:659]
WARNING: [Synth 8-6014] Unused sequential element map_design_reg[2][59] was removed.  [C:/Users/603/Desktop/FPGA/final/final.srcs/sources_1/new/subway.v:659]
WARNING: [Synth 8-6014] Unused sequential element map_design_reg[2][61] was removed.  [C:/Users/603/Desktop/FPGA/final/final.srcs/sources_1/new/subway.v:659]
WARNING: [Synth 8-6014] Unused sequential element map_design_reg[2][63] was removed.  [C:/Users/603/Desktop/FPGA/final/final.srcs/sources_1/new/subway.v:659]
WARNING: [Synth 8-6014] Unused sequential element map_design_reg[3][0] was removed.  [C:/Users/603/Desktop/FPGA/final/final.srcs/sources_1/new/subway.v:659]
INFO: [Common 17-14] Message 'Synth 8-6014' appears 100 times and further instances of the messages will be disabled. Use the Tcl command set_msg_config to change the current settings.
WARNING: [Synth 8-7137] Register movement_reg[0] in module SUBWAY has both Set and reset with same priority. This may cause simulation mismatches. Consider rewriting code  [C:/Users/603/Desktop/FPGA/final/final.srcs/sources_1/new/subway.v:138]
WARNING: [Synth 8-7137] Register movement_reg[1] in module SUBWAY has both Set and reset with same priority. This may cause simulation mismatches. Consider rewriting code  [C:/Users/603/Desktop/FPGA/final/final.srcs/sources_1/new/subway.v:138]
WARNING: [Synth 8-7137] Register movement_reg[2] in module SUBWAY has both Set and reset with same priority. This may cause simulation mismatches. Consider rewriting code  [C:/Users/603/Desktop/FPGA/final/final.srcs/sources_1/new/subway.v:138]
WARNING: [Synth 8-7137] Register movement_reg[3] in module SUBWAY has both Set and reset with same priority. This may cause simulation mismatches. Consider rewriting code  [C:/Users/603/Desktop/FPGA/final/final.srcs/sources_1/new/subway.v:138]
WARNING: [Synth 8-7137] Register movement_reg[4] in module SUBWAY has both Set and reset with same priority. This may cause simulation mismatches. Consider rewriting code  [C:/Users/603/Desktop/FPGA/final/final.srcs/sources_1/new/subway.v:138]
WARNING: [Synth 8-7137] Register movement_reg[5] in module SUBWAY has both Set and reset with same priority. This may cause simulation mismatches. Consider rewriting code  [C:/Users/603/Desktop/FPGA/final/final.srcs/sources_1/new/subway.v:138]
WARNING: [Synth 8-7137] Register movement_reg[6] in module SUBWAY has both Set and reset with same priority. This may cause simulation mismatches. Consider rewriting code  [C:/Users/603/Desktop/FPGA/final/final.srcs/sources_1/new/subway.v:138]
WARNING: [Synth 8-7137] Register movement_reg[7] in module SUBWAY has both Set and reset with same priority. This may cause simulation mismatches. Consider rewriting code  [C:/Users/603/Desktop/FPGA/final/final.srcs/sources_1/new/subway.v:138]
WARNING: [Synth 8-7137] Register movement_reg[8] in module SUBWAY has both Set and reset with same priority. This may cause simulation mismatches. Consider rewriting code  [C:/Users/603/Desktop/FPGA/final/final.srcs/sources_1/new/subway.v:138]
WARNING: [Synth 8-7137] Register movement_reg[9] in module SUBWAY has both Set and reset with same priority. This may cause simulation mismatches. Consider rewriting code  [C:/Users/603/Desktop/FPGA/final/final.srcs/sources_1/new/subway.v:138]
WARNING: [Synth 8-7137] Register movement_reg[10] in module SUBWAY has both Set and reset with same priority. This may cause simulation mismatches. Consider rewriting code  [C:/Users/603/Desktop/FPGA/final/final.srcs/sources_1/new/subway.v:138]
WARNING: [Synth 8-7137] Register movement_reg[11] in module SUBWAY has both Set and reset with same priority. This may cause simulation mismatches. Consider rewriting code  [C:/Users/603/Desktop/FPGA/final/final.srcs/sources_1/new/subway.v:138]
WARNING: [Synth 8-7137] Register movement_reg[12] in module SUBWAY has both Set and reset with same priority. This may cause simulation mismatches. Consider rewriting code  [C:/Users/603/Desktop/FPGA/final/final.srcs/sources_1/new/subway.v:138]
WARNING: [Synth 8-7137] Register movement_reg[13] in module SUBWAY has both Set and reset with same priority. This may cause simulation mismatches. Consider rewriting code  [C:/Users/603/Desktop/FPGA/final/final.srcs/sources_1/new/subway.v:138]
WARNING: [Synth 8-7137] Register movement_reg[14] in module SUBWAY has both Set and reset with same priority. This may cause simulation mismatches. Consider rewriting code  [C:/Users/603/Desktop/FPGA/final/final.srcs/sources_1/new/subway.v:138]
WARNING: [Synth 8-7137] Register movement_reg[15] in module SUBWAY has both Set and reset with same priority. This may cause simulation mismatches. Consider rewriting code  [C:/Users/603/Desktop/FPGA/final/final.srcs/sources_1/new/subway.v:138]
WARNING: [Synth 8-7137] Register movement_reg[16] in module SUBWAY has both Set and reset with same priority. This may cause simulation mismatches. Consider rewriting code  [C:/Users/603/Desktop/FPGA/final/final.srcs/sources_1/new/subway.v:138]
WARNING: [Synth 8-7137] Register movement_reg[17] in module SUBWAY has both Set and reset with same priority. This may cause simulation mismatches. Consider rewriting code  [C:/Users/603/Desktop/FPGA/final/final.srcs/sources_1/new/subway.v:138]
WARNING: [Synth 8-7137] Register movement_reg[18] in module SUBWAY has both Set and reset with same priority. This may cause simulation mismatches. Consider rewriting code  [C:/Users/603/Desktop/FPGA/final/final.srcs/sources_1/new/subway.v:138]
WARNING: [Synth 8-7137] Register movement_reg[19] in module SUBWAY has both Set and reset with same priority. This may cause simulation mismatches. Consider rewriting code  [C:/Users/603/Desktop/FPGA/final/final.srcs/sources_1/new/subway.v:138]
WARNING: [Synth 8-7137] Register movement_reg[20] in module SUBWAY has both Set and reset with same priority. This may cause simulation mismatches. Consider rewriting code  [C:/Users/603/Desktop/FPGA/final/final.srcs/sources_1/new/subway.v:138]
WARNING: [Synth 8-7137] Register movement_reg[21] in module SUBWAY has both Set and reset with same priority. This may cause simulation mismatches. Consider rewriting code  [C:/Users/603/Desktop/FPGA/final/final.srcs/sources_1/new/subway.v:138]
WARNING: [Synth 8-7137] Register movement_reg[22] in module SUBWAY has both Set and reset with same priority. This may cause simulation mismatches. Consider rewriting code  [C:/Users/603/Desktop/FPGA/final/final.srcs/sources_1/new/subway.v:138]
WARNING: [Synth 8-7137] Register movement_reg[23] in module SUBWAY has both Set and reset with same priority. This may cause simulation mismatches. Consider rewriting code  [C:/Users/603/Desktop/FPGA/final/final.srcs/sources_1/new/subway.v:138]
WARNING: [Synth 8-7137] Register movement_reg[24] in module SUBWAY has both Set and reset with same priority. This may cause simulation mismatches. Consider rewriting code  [C:/Users/603/Desktop/FPGA/final/final.srcs/sources_1/new/subway.v:138]
WARNING: [Synth 8-7137] Register movement_reg[25] in module SUBWAY has both Set and reset with same priority. This may cause simulation mismatches. Consider rewriting code  [C:/Users/603/Desktop/FPGA/final/final.srcs/sources_1/new/subway.v:138]
WARNING: [Synth 8-7137] Register movement_reg[26] in module SUBWAY has both Set and reset with same priority. This may cause simulation mismatches. Consider rewriting code  [C:/Users/603/Desktop/FPGA/final/final.srcs/sources_1/new/subway.v:138]
WARNING: [Synth 8-7137] Register movement_reg[27] in module SUBWAY has both Set and reset with same priority. This may cause simulation mismatches. Consider rewriting code  [C:/Users/603/Desktop/FPGA/final/final.srcs/sources_1/new/subway.v:138]
WARNING: [Synth 8-7137] Register movement_reg[28] in module SUBWAY has both Set and reset with same priority. This may cause simulation mismatches. Consider rewriting code  [C:/Users/603/Desktop/FPGA/final/final.srcs/sources_1/new/subway.v:138]
WARNING: [Synth 8-7137] Register movement_reg[29] in module SUBWAY has both Set and reset with same priority. This may cause simulation mismatches. Consider rewriting code  [C:/Users/603/Desktop/FPGA/final/final.srcs/sources_1/new/subway.v:138]
WARNING: [Synth 8-7137] Register movement_reg[30] in module SUBWAY has both Set and reset with same priority. This may cause simulation mismatches. Consider rewriting code  [C:/Users/603/Desktop/FPGA/final/final.srcs/sources_1/new/subway.v:138]
WARNING: [Synth 8-7137] Register movement_reg[31] in module SUBWAY has both Set and reset with same priority. This may cause simulation mismatches. Consider rewriting code  [C:/Users/603/Desktop/FPGA/final/final.srcs/sources_1/new/subway.v:138]
WARNING: [Synth 8-7137] Register movement_reg[32] in module SUBWAY has both Set and reset with same priority. This may cause simulation mismatches. Consider rewriting code  [C:/Users/603/Desktop/FPGA/final/final.srcs/sources_1/new/subway.v:138]
WARNING: [Synth 8-7137] Register movement_reg[33] in module SUBWAY has both Set and reset with same priority. This may cause simulation mismatches. Consider rewriting code  [C:/Users/603/Desktop/FPGA/final/final.srcs/sources_1/new/subway.v:138]
WARNING: [Synth 8-7137] Register movement_reg[34] in module SUBWAY has both Set and reset with same priority. This may cause simulation mismatches. Consider rewriting code  [C:/Users/603/Desktop/FPGA/final/final.srcs/sources_1/new/subway.v:138]
WARNING: [Synth 8-7137] Register movement_reg[35] in module SUBWAY has both Set and reset with same priority. This may cause simulation mismatches. Consider rewriting code  [C:/Users/603/Desktop/FPGA/final/final.srcs/sources_1/new/subway.v:138]
WARNING: [Synth 8-7137] Register movement_reg[36] in module SUBWAY has both Set and reset with same priority. This may cause simulation mismatches. Consider rewriting code  [C:/Users/603/Desktop/FPGA/final/final.srcs/sources_1/new/subway.v:138]
WARNING: [Synth 8-7137] Register movement_reg[37] in module SUBWAY has both Set and reset with same priority. This may cause simulation mismatches. Consider rewriting code  [C:/Users/603/Desktop/FPGA/final/final.srcs/sources_1/new/subway.v:138]
WARNING: [Synth 8-7137] Register movement_reg[38] in module SUBWAY has both Set and reset with same priority. This may cause simulation mismatches. Consider rewriting code  [C:/Users/603/Desktop/FPGA/final/final.srcs/sources_1/new/subway.v:138]
WARNING: [Synth 8-7137] Register movement_reg[39] in module SUBWAY has both Set and reset with same priority. This may cause simulation mismatches. Consider rewriting code  [C:/Users/603/Desktop/FPGA/final/final.srcs/sources_1/new/subway.v:138]
WARNING: [Synth 8-7137] Register movement_reg[40] in module SUBWAY has both Set and reset with same priority. This may cause simulation mismatches. Consider rewriting code  [C:/Users/603/Desktop/FPGA/final/final.srcs/sources_1/new/subway.v:138]
WARNING: [Synth 8-7137] Register movement_reg[41] in module SUBWAY has both Set and reset with same priority. This may cause simulation mismatches. Consider rewriting code  [C:/Users/603/Desktop/FPGA/final/final.srcs/sources_1/new/subway.v:138]
WARNING: [Synth 8-7137] Register movement_reg[42] in module SUBWAY has both Set and reset with same priority. This may cause simulation mismatches. Consider rewriting code  [C:/Users/603/Desktop/FPGA/final/final.srcs/sources_1/new/subway.v:138]
WARNING: [Synth 8-7137] Register movement_reg[43] in module SUBWAY has both Set and reset with same priority. This may cause simulation mismatches. Consider rewriting code  [C:/Users/603/Desktop/FPGA/final/final.srcs/sources_1/new/subway.v:138]
WARNING: [Synth 8-7137] Register movement_reg[44] in module SUBWAY has both Set and reset with same priority. This may cause simulation mismatches. Consider rewriting code  [C:/Users/603/Desktop/FPGA/final/final.srcs/sources_1/new/subway.v:138]
WARNING: [Synth 8-7137] Register movement_reg[45] in module SUBWAY has both Set and reset with same priority. This may cause simulation mismatches. Consider rewriting code  [C:/Users/603/Desktop/FPGA/final/final.srcs/sources_1/new/subway.v:138]
WARNING: [Synth 8-7137] Register movement_reg[46] in module SUBWAY has both Set and reset with same priority. This may cause simulation mismatches. Consider rewriting code  [C:/Users/603/Desktop/FPGA/final/final.srcs/sources_1/new/subway.v:138]
WARNING: [Synth 8-7137] Register movement_reg[47] in module SUBWAY has both Set and reset with same priority. This may cause simulation mismatches. Consider rewriting code  [C:/Users/603/Desktop/FPGA/final/final.srcs/sources_1/new/subway.v:138]
WARNING: [Synth 8-7137] Register movement_reg[48] in module SUBWAY has both Set and reset with same priority. This may cause simulation mismatches. Consider rewriting code  [C:/Users/603/Desktop/FPGA/final/final.srcs/sources_1/new/subway.v:138]
WARNING: [Synth 8-7137] Register movement_reg[49] in module SUBWAY has both Set and reset with same priority. This may cause simulation mismatches. Consider rewriting code  [C:/Users/603/Desktop/FPGA/final/final.srcs/sources_1/new/subway.v:138]
WARNING: [Synth 8-7137] Register movement_reg[50] in module SUBWAY has both Set and reset with same priority. This may cause simulation mismatches. Consider rewriting code  [C:/Users/603/Desktop/FPGA/final/final.srcs/sources_1/new/subway.v:138]
WARNING: [Synth 8-7137] Register movement_reg[51] in module SUBWAY has both Set and reset with same priority. This may cause simulation mismatches. Consider rewriting code  [C:/Users/603/Desktop/FPGA/final/final.srcs/sources_1/new/subway.v:138]
WARNING: [Synth 8-7137] Register movement_reg[52] in module SUBWAY has both Set and reset with same priority. This may cause simulation mismatches. Consider rewriting code  [C:/Users/603/Desktop/FPGA/final/final.srcs/sources_1/new/subway.v:138]
WARNING: [Synth 8-7137] Register movement_reg[53] in module SUBWAY has both Set and reset with same priority. This may cause simulation mismatches. Consider rewriting code  [C:/Users/603/Desktop/FPGA/final/final.srcs/sources_1/new/subway.v:138]
WARNING: [Synth 8-7137] Register movement_reg[54] in module SUBWAY has both Set and reset with same priority. This may cause simulation mismatches. Consider rewriting code  [C:/Users/603/Desktop/FPGA/final/final.srcs/sources_1/new/subway.v:138]
WARNING: [Synth 8-7137] Register movement_reg[55] in module SUBWAY has both Set and reset with same priority. This may cause simulation mismatches. Consider rewriting code  [C:/Users/603/Desktop/FPGA/final/final.srcs/sources_1/new/subway.v:138]
WARNING: [Synth 8-7137] Register movement_reg[56] in module SUBWAY has both Set and reset with same priority. This may cause simulation mismatches. Consider rewriting code  [C:/Users/603/Desktop/FPGA/final/final.srcs/sources_1/new/subway.v:138]
WARNING: [Synth 8-7137] Register movement_reg[57] in module SUBWAY has both Set and reset with same priority. This may cause simulation mismatches. Consider rewriting code  [C:/Users/603/Desktop/FPGA/final/final.srcs/sources_1/new/subway.v:138]
WARNING: [Synth 8-7137] Register movement_reg[58] in module SUBWAY has both Set and reset with same priority. This may cause simulation mismatches. Consider rewriting code  [C:/Users/603/Desktop/FPGA/final/final.srcs/sources_1/new/subway.v:138]
WARNING: [Synth 8-7137] Register movement_reg[59] in module SUBWAY has both Set and reset with same priority. This may cause simulation mismatches. Consider rewriting code  [C:/Users/603/Desktop/FPGA/final/final.srcs/sources_1/new/subway.v:138]
WARNING: [Synth 8-7137] Register movement_reg[60] in module SUBWAY has both Set and reset with same priority. This may cause simulation mismatches. Consider rewriting code  [C:/Users/603/Desktop/FPGA/final/final.srcs/sources_1/new/subway.v:138]
WARNING: [Synth 8-7137] Register movement_reg[61] in module SUBWAY has both Set and reset with same priority. This may cause simulation mismatches. Consider rewriting code  [C:/Users/603/Desktop/FPGA/final/final.srcs/sources_1/new/subway.v:138]
WARNING: [Synth 8-7137] Register movement_reg[62] in module SUBWAY has both Set and reset with same priority. This may cause simulation mismatches. Consider rewriting code  [C:/Users/603/Desktop/FPGA/final/final.srcs/sources_1/new/subway.v:138]
---------------------------------------------------------------------------------
Finished Synthesize : Time (s): cpu = 00:00:03 ; elapsed = 00:00:06 . Memory (MB): peak = 955.871 ; gain = 530.363
---------------------------------------------------------------------------------
---------------------------------------------------------------------------------
Finished Constraint Validation : Time (s): cpu = 00:00:03 ; elapsed = 00:00:06 . Memory (MB): peak = 955.871 ; gain = 530.363
---------------------------------------------------------------------------------
---------------------------------------------------------------------------------
Start Loading Part and Timing Information
---------------------------------------------------------------------------------
Loading part: xc7k70tfbv676-1
---------------------------------------------------------------------------------
Finished Loading Part and Timing Information : Time (s): cpu = 00:00:03 ; elapsed = 00:00:06 . Memory (MB): peak = 955.871 ; gain = 530.363
---------------------------------------------------------------------------------
INFO: [Device 21-403] Loading part xc7k70tfbv676-1
INFO: [Synth 8-802] inferred FSM for state register 'STATE_reg' in module 'SUBWAY'
---------------------------------------------------------------------------------------------------
                   State |                     New Encoding |                Previous Encoding 
---------------------------------------------------------------------------------------------------
                    ZERO |                               00 |                           000000
               STORE_MAP |                               01 |                           000001
                  SUSUME |                               10 |                           000010
                     OUT |                               11 |                           000011
---------------------------------------------------------------------------------------------------
INFO: [Synth 8-3354] encoded FSM with state register 'STATE_reg' using encoding 'sequential' in module 'SUBWAY'
---------------------------------------------------------------------------------
Finished RTL Optimization Phase 2 : Time (s): cpu = 00:00:05 ; elapsed = 00:00:08 . Memory (MB): peak = 1008.641 ; gain = 583.133
---------------------------------------------------------------------------------
No constraint files found.
---------------------------------------------------------------------------------
Start RTL Component Statistics 
---------------------------------------------------------------------------------
Detailed RTL Component Info : 
+---Adders : 
	   2 Input    7 Bit       Adders := 1     
	   3 Input    6 Bit       Adders := 7     
+---Registers : 
	                7 Bit    Registers := 1     
	                5 Bit    Registers := 117   
	                2 Bit    Registers := 65    
	                1 Bit    Registers := 1     
+---Muxes : 
	   2 Input   32 Bit        Muxes := 3     
	   2 Input    7 Bit        Muxes := 1     
	   4 Input    7 Bit        Muxes := 1     
	   2 Input    5 Bit        Muxes := 8     
	   4 Input    5 Bit        Muxes := 38    
	   2 Input    2 Bit        Muxes := 306   
	   4 Input    2 Bit        Muxes := 12    
	   3 Input    2 Bit        Muxes := 126   
	   7 Input    2 Bit        Muxes := 21    
	   2 Input    1 Bit        Muxes := 110   
	   4 Input    1 Bit        Muxes := 1     
---------------------------------------------------------------------------------
Finished RTL Component Statistics 
---------------------------------------------------------------------------------
---------------------------------------------------------------------------------
Start Part Resource Summary
---------------------------------------------------------------------------------
Part Resources:
DSPs: 240 (col length:80)
BRAMs: 270 (col length: RAMB18 80 RAMB36 40)
---------------------------------------------------------------------------------
Finished Part Resource Summary
---------------------------------------------------------------------------------
No constraint files found.
---------------------------------------------------------------------------------
Start Cross Boundary and Area Optimization
---------------------------------------------------------------------------------
WARNING: [Synth 8-7080] Parallel synthesis criteria is not met
WARNING: [Synth 8-3332] Sequential element (movement_reg[0][1]_LDC) is unused and will be removed from module SUBWAY.
WARNING: [Synth 8-3332] Sequential element (movement_reg[0][1]_C) is unused and will be removed from module SUBWAY.
WARNING: [Synth 8-3332] Sequential element (movement_reg[1][1]_LDC) is unused and will be removed from module SUBWAY.
WARNING: [Synth 8-3332] Sequential element (movement_reg[1][1]_C) is unused and will be removed from module SUBWAY.
WARNING: [Synth 8-3332] Sequential element (movement_reg[2][1]_LDC) is unused and will be removed from module SUBWAY.
WARNING: [Synth 8-3332] Sequential element (movement_reg[2][1]_C) is unused and will be removed from module SUBWAY.
WARNING: [Synth 8-3332] Sequential element (movement_reg[3][1]_LDC) is unused and will be removed from module SUBWAY.
WARNING: [Synth 8-3332] Sequential element (movement_reg[3][1]_C) is unused and will be removed from module SUBWAY.
WARNING: [Synth 8-3332] Sequential element (movement_reg[5][1]_LDC) is unused and will be removed from module SUBWAY.
WARNING: [Synth 8-3332] Sequential element (movement_reg[5][1]_C) is unused and will be removed from module SUBWAY.
WARNING: [Synth 8-3332] Sequential element (movement_reg[6][1]_LDC) is unused and will be removed from module SUBWAY.
WARNING: [Synth 8-3332] Sequential element (movement_reg[6][1]_C) is unused and will be removed from module SUBWAY.
WARNING: [Synth 8-3332] Sequential element (movement_reg[7][1]_LDC) is unused and will be removed from module SUBWAY.
WARNING: [Synth 8-3332] Sequential element (movement_reg[7][1]_C) is unused and will be removed from module SUBWAY.
WARNING: [Synth 8-3332] Sequential element (movement_reg[8][1]_LDC) is unused and will be removed from module SUBWAY.
WARNING: [Synth 8-3332] Sequential element (movement_reg[8][1]_C) is unused and will be removed from module SUBWAY.
WARNING: [Synth 8-3332] Sequential element (movement_reg[9][1]_LDC) is unused and will be removed from module SUBWAY.
WARNING: [Synth 8-3332] Sequential element (movement_reg[9][1]_C) is unused and will be removed from module SUBWAY.
WARNING: [Synth 8-3332] Sequential element (movement_reg[10][1]_LDC) is unused and will be removed from module SUBWAY.
WARNING: [Synth 8-3332] Sequential element (movement_reg[10][1]_C) is unused and will be removed from module SUBWAY.
WARNING: [Synth 8-3332] Sequential element (movement_reg[11][1]_LDC) is unused and will be removed from module SUBWAY.
WARNING: [Synth 8-3332] Sequential element (movement_reg[11][1]_C) is unused and will be removed from module SUBWAY.
WARNING: [Synth 8-3332] Sequential element (movement_reg[12][1]_LDC) is unused and will be removed from module SUBWAY.
WARNING: [Synth 8-3332] Sequential element (movement_reg[12][1]_C) is unused and will be removed from module SUBWAY.
WARNING: [Synth 8-3332] Sequential element (movement_reg[13][1]_LDC) is unused and will be removed from module SUBWAY.
WARNING: [Synth 8-3332] Sequential element (movement_reg[13][1]_C) is unused and will be removed from module SUBWAY.
WARNING: [Synth 8-3332] Sequential element (movement_reg[14][1]_LDC) is unused and will be removed from module SUBWAY.
WARNING: [Synth 8-3332] Sequential element (movement_reg[14][1]_C) is unused and will be removed from module SUBWAY.
WARNING: [Synth 8-3332] Sequential element (movement_reg[15][1]_LDC) is unused and will be removed from module SUBWAY.
WARNING: [Synth 8-3332] Sequential element (movement_reg[15][1]_C) is unused and will be removed from module SUBWAY.
WARNING: [Synth 8-3332] Sequential element (movement_reg[16][1]_LDC) is unused and will be removed from module SUBWAY.
WARNING: [Synth 8-3332] Sequential element (movement_reg[16][1]_C) is unused and will be removed from module SUBWAY.
WARNING: [Synth 8-3332] Sequential element (movement_reg[17][1]_LDC) is unused and will be removed from module SUBWAY.
WARNING: [Synth 8-3332] Sequential element (movement_reg[17][1]_C) is unused and will be removed from module SUBWAY.
WARNING: [Synth 8-3332] Sequential element (movement_reg[18][1]_LDC) is unused and will be removed from module SUBWAY.
WARNING: [Synth 8-3332] Sequential element (movement_reg[18][1]_C) is unused and will be removed from module SUBWAY.
WARNING: [Synth 8-3332] Sequential element (movement_reg[19][1]_LDC) is unused and will be removed from module SUBWAY.
WARNING: [Synth 8-3332] Sequential element (movement_reg[19][1]_C) is unused and will be removed from module SUBWAY.
WARNING: [Synth 8-3332] Sequential element (movement_reg[20][1]_LDC) is unused and will be removed from module SUBWAY.
WARNING: [Synth 8-3332] Sequential element (movement_reg[20][1]_C) is unused and will be removed from module SUBWAY.
WARNING: [Synth 8-3332] Sequential element (movement_reg[21][1]_LDC) is unused and will be removed from module SUBWAY.
WARNING: [Synth 8-3332] Sequential element (movement_reg[21][1]_C) is unused and will be removed from module SUBWAY.
WARNING: [Synth 8-3332] Sequential element (movement_reg[22][1]_LDC) is unused and will be removed from module SUBWAY.
WARNING: [Synth 8-3332] Sequential element (movement_reg[22][1]_C) is unused and will be removed from module SUBWAY.
WARNING: [Synth 8-3332] Sequential element (movement_reg[23][1]_LDC) is unused and will be removed from module SUBWAY.
WARNING: [Synth 8-3332] Sequential element (movement_reg[23][1]_C) is unused and will be removed from module SUBWAY.
WARNING: [Synth 8-3332] Sequential element (movement_reg[24][1]_LDC) is unused and will be removed from module SUBWAY.
WARNING: [Synth 8-3332] Sequential element (movement_reg[24][1]_C) is unused and will be removed from module SUBWAY.
WARNING: [Synth 8-3332] Sequential element (movement_reg[25][1]_LDC) is unused and will be removed from module SUBWAY.
WARNING: [Synth 8-3332] Sequential element (movement_reg[25][1]_C) is unused and will be removed from module SUBWAY.
WARNING: [Synth 8-3332] Sequential element (movement_reg[26][1]_LDC) is unused and will be removed from module SUBWAY.
WARNING: [Synth 8-3332] Sequential element (movement_reg[26][1]_C) is unused and will be removed from module SUBWAY.
WARNING: [Synth 8-3332] Sequential element (movement_reg[27][1]_LDC) is unused and will be removed from module SUBWAY.
WARNING: [Synth 8-3332] Sequential element (movement_reg[27][1]_C) is unused and will be removed from module SUBWAY.
WARNING: [Synth 8-3332] Sequential element (movement_reg[28][1]_LDC) is unused and will be removed from module SUBWAY.
WARNING: [Synth 8-3332] Sequential element (movement_reg[28][1]_C) is unused and will be removed from module SUBWAY.
WARNING: [Synth 8-3332] Sequential element (movement_reg[29][1]_LDC) is unused and will be removed from module SUBWAY.
WARNING: [Synth 8-3332] Sequential element (movement_reg[29][1]_C) is unused and will be removed from module SUBWAY.
WARNING: [Synth 8-3332] Sequential element (movement_reg[30][1]_LDC) is unused and will be removed from module SUBWAY.
WARNING: [Synth 8-3332] Sequential element (movement_reg[30][1]_C) is unused and will be removed from module SUBWAY.
WARNING: [Synth 8-3332] Sequential element (movement_reg[31][1]_LDC) is unused and will be removed from module SUBWAY.
WARNING: [Synth 8-3332] Sequential element (movement_reg[31][1]_C) is unused and will be removed from module SUBWAY.
WARNING: [Synth 8-3332] Sequential element (movement_reg[32][1]_LDC) is unused and will be removed from module SUBWAY.
WARNING: [Synth 8-3332] Sequential element (movement_reg[32][1]_C) is unused and will be removed from module SUBWAY.
WARNING: [Synth 8-3332] Sequential element (movement_reg[33][1]_LDC) is unused and will be removed from module SUBWAY.
WARNING: [Synth 8-3332] Sequential element (movement_reg[33][1]_C) is unused and will be removed from module SUBWAY.
WARNING: [Synth 8-3332] Sequential element (movement_reg[34][1]_LDC) is unused and will be removed from module SUBWAY.
WARNING: [Synth 8-3332] Sequential element (movement_reg[34][1]_C) is unused and will be removed from module SUBWAY.
WARNING: [Synth 8-3332] Sequential element (movement_reg[35][1]_LDC) is unused and will be removed from module SUBWAY.
WARNING: [Synth 8-3332] Sequential element (movement_reg[35][1]_C) is unused and will be removed from module SUBWAY.
WARNING: [Synth 8-3332] Sequential element (movement_reg[36][1]_LDC) is unused and will be removed from module SUBWAY.
WARNING: [Synth 8-3332] Sequential element (movement_reg[36][1]_C) is unused and will be removed from module SUBWAY.
WARNING: [Synth 8-3332] Sequential element (movement_reg[37][1]_LDC) is unused and will be removed from module SUBWAY.
WARNING: [Synth 8-3332] Sequential element (movement_reg[37][1]_C) is unused and will be removed from module SUBWAY.
WARNING: [Synth 8-3332] Sequential element (movement_reg[38][1]_LDC) is unused and will be removed from module SUBWAY.
WARNING: [Synth 8-3332] Sequential element (movement_reg[38][1]_C) is unused and will be removed from module SUBWAY.
WARNING: [Synth 8-3332] Sequential element (movement_reg[39][1]_LDC) is unused and will be removed from module SUBWAY.
WARNING: [Synth 8-3332] Sequential element (movement_reg[39][1]_C) is unused and will be removed from module SUBWAY.
WARNING: [Synth 8-3332] Sequential element (movement_reg[40][1]_LDC) is unused and will be removed from module SUBWAY.
WARNING: [Synth 8-3332] Sequential element (movement_reg[40][1]_C) is unused and will be removed from module SUBWAY.
WARNING: [Synth 8-3332] Sequential element (movement_reg[41][1]_LDC) is unused and will be removed from module SUBWAY.
WARNING: [Synth 8-3332] Sequential element (movement_reg[41][1]_C) is unused and will be removed from module SUBWAY.
WARNING: [Synth 8-3332] Sequential element (movement_reg[42][1]_LDC) is unused and will be removed from module SUBWAY.
WARNING: [Synth 8-3332] Sequential element (movement_reg[42][1]_C) is unused and will be removed from module SUBWAY.
WARNING: [Synth 8-3332] Sequential element (movement_reg[43][1]_LDC) is unused and will be removed from module SUBWAY.
WARNING: [Synth 8-3332] Sequential element (movement_reg[43][1]_C) is unused and will be removed from module SUBWAY.
WARNING: [Synth 8-3332] Sequential element (movement_reg[44][1]_LDC) is unused and will be removed from module SUBWAY.
WARNING: [Synth 8-3332] Sequential element (movement_reg[44][1]_C) is unused and will be removed from module SUBWAY.
WARNING: [Synth 8-3332] Sequential element (movement_reg[45][1]_LDC) is unused and will be removed from module SUBWAY.
WARNING: [Synth 8-3332] Sequential element (movement_reg[45][1]_C) is unused and will be removed from module SUBWAY.
WARNING: [Synth 8-3332] Sequential element (movement_reg[46][1]_LDC) is unused and will be removed from module SUBWAY.
WARNING: [Synth 8-3332] Sequential element (movement_reg[46][1]_C) is unused and will be removed from module SUBWAY.
WARNING: [Synth 8-3332] Sequential element (movement_reg[47][1]_LDC) is unused and will be removed from module SUBWAY.
WARNING: [Synth 8-3332] Sequential element (movement_reg[47][1]_C) is unused and will be removed from module SUBWAY.
WARNING: [Synth 8-3332] Sequential element (movement_reg[48][1]_LDC) is unused and will be removed from module SUBWAY.
WARNING: [Synth 8-3332] Sequential element (movement_reg[48][1]_C) is unused and will be removed from module SUBWAY.
WARNING: [Synth 8-3332] Sequential element (movement_reg[49][1]_LDC) is unused and will be removed from module SUBWAY.
WARNING: [Synth 8-3332] Sequential element (movement_reg[49][1]_C) is unused and will be removed from module SUBWAY.
WARNING: [Synth 8-3332] Sequential element (movement_reg[50][1]_LDC) is unused and will be removed from module SUBWAY.
WARNING: [Synth 8-3332] Sequential element (movement_reg[50][1]_C) is unused and will be removed from module SUBWAY.
INFO: [Common 17-14] Message 'Synth 8-3332' appears 100 times and further instances of the messages will be disabled. Use the Tcl command set_msg_config to change the current settings.
---------------------------------------------------------------------------------
Finished Cross Boundary and Area Optimization : Time (s): cpu = 00:00:08 ; elapsed = 00:00:20 . Memory (MB): peak = 1454.074 ; gain = 1028.566
---------------------------------------------------------------------------------
No constraint files found.
---------------------------------------------------------------------------------
Start Timing Optimization
---------------------------------------------------------------------------------
---------------------------------------------------------------------------------
Finished Timing Optimization : Time (s): cpu = 00:00:08 ; elapsed = 00:00:20 . Memory (MB): peak = 1454.074 ; gain = 1028.566
---------------------------------------------------------------------------------
---------------------------------------------------------------------------------
Start Technology Mapping
---------------------------------------------------------------------------------
---------------------------------------------------------------------------------
Finished Technology Mapping : Time (s): cpu = 00:00:08 ; elapsed = 00:00:20 . Memory (MB): peak = 1454.074 ; gain = 1028.566
---------------------------------------------------------------------------------
---------------------------------------------------------------------------------
Start IO Insertion
---------------------------------------------------------------------------------
---------------------------------------------------------------------------------
Start Flattening Before IO Insertion
---------------------------------------------------------------------------------
---------------------------------------------------------------------------------
Finished Flattening Before IO Insertion
---------------------------------------------------------------------------------
---------------------------------------------------------------------------------
Start Final Netlist Cleanup
---------------------------------------------------------------------------------
---------------------------------------------------------------------------------
Finished Final Netlist Cleanup
---------------------------------------------------------------------------------
---------------------------------------------------------------------------------
Finished IO Insertion : Time (s): cpu = 00:00:09 ; elapsed = 00:00:23 . Memory (MB): peak = 1454.074 ; gain = 1028.566
---------------------------------------------------------------------------------
---------------------------------------------------------------------------------
Start Renaming Generated Instances
---------------------------------------------------------------------------------
---------------------------------------------------------------------------------
Finished Renaming Generated Instances : Time (s): cpu = 00:00:09 ; elapsed = 00:00:23 . Memory (MB): peak = 1454.074 ; gain = 1028.566
---------------------------------------------------------------------------------
---------------------------------------------------------------------------------
Start Rebuilding User Hierarchy
---------------------------------------------------------------------------------
---------------------------------------------------------------------------------
Finished Rebuilding User Hierarchy : Time (s): cpu = 00:00:09 ; elapsed = 00:00:23 . Memory (MB): peak = 1454.074 ; gain = 1028.566
---------------------------------------------------------------------------------
---------------------------------------------------------------------------------
Start Renaming Generated Ports
---------------------------------------------------------------------------------
---------------------------------------------------------------------------------
Finished Renaming Generated Ports : Time (s): cpu = 00:00:09 ; elapsed = 00:00:23 . Memory (MB): peak = 1454.074 ; gain = 1028.566
---------------------------------------------------------------------------------
---------------------------------------------------------------------------------
Start Handling Custom Attributes
---------------------------------------------------------------------------------
---------------------------------------------------------------------------------
Finished Handling Custom Attributes : Time (s): cpu = 00:00:09 ; elapsed = 00:00:23 . Memory (MB): peak = 1454.074 ; gain = 1028.566
---------------------------------------------------------------------------------
---------------------------------------------------------------------------------
Start Renaming Generated Nets
---------------------------------------------------------------------------------
---------------------------------------------------------------------------------
Finished Renaming Generated Nets : Time (s): cpu = 00:00:09 ; elapsed = 00:00:23 . Memory (MB): peak = 1454.074 ; gain = 1028.566
---------------------------------------------------------------------------------
---------------------------------------------------------------------------------
Start Writing Synthesis Report
---------------------------------------------------------------------------------

Report BlackBoxes: 
+-+--------------+----------+
| |BlackBox name |Instances |
+-+--------------+----------+
+-+--------------+----------+

Report Cell Usage: 
+------+------+------+
|      |Cell  |Count |
+------+------+------+
|1     |BUFG  |     1|
|2     |LUT1  |     3|
|3     |LUT2  |    63|
|4     |LUT3  |    36|
|5     |LUT4  |    46|
|6     |LUT5  |   131|
|7     |LUT6  |   290|
|8     |MUXF7 |     8|
|9     |MUXF8 |     3|
|10    |FDCE  |   250|
|11    |FDPE  |    62|
|12    |FDRE  |    44|
|13    |IBUF  |    13|
|14    |OBUF  |     3|
+------+------+------+

Report Instance Areas: 
+------+---------+-------+------+
|      |Instance |Module |Cells |
+------+---------+-------+------+
|1     |top      |       |   953|
+------+---------+-------+------+
---------------------------------------------------------------------------------
Finished Writing Synthesis Report : Time (s): cpu = 00:00:09 ; elapsed = 00:00:23 . Memory (MB): peak = 1454.074 ; gain = 1028.566
---------------------------------------------------------------------------------
Synthesis finished with 0 errors, 0 critical warnings and 8141 warnings.
Synthesis Optimization Runtime : Time (s): cpu = 00:00:09 ; elapsed = 00:00:23 . Memory (MB): peak = 1454.074 ; gain = 1028.566
Synthesis Optimization Complete : Time (s): cpu = 00:00:09 ; elapsed = 00:00:23 . Memory (MB): peak = 1454.074 ; gain = 1028.566
INFO: [Project 1-571] Translating synthesized netlist
Netlist sorting complete. Time (s): cpu = 00:00:00 ; elapsed = 00:00:00.005 . Memory (MB): peak = 1454.074 ; gain = 0.000
INFO: [Netlist 29-17] Analyzing 11 Unisim elements for replacement
INFO: [Netlist 29-28] Unisim Transformation completed in 0 CPU seconds
INFO: [Project 1-570] Preparing netlist for logic optimization
INFO: [Opt 31-138] Pushed 0 inverter(s) to 0 load pin(s).
Netlist sorting complete. Time (s): cpu = 00:00:00 ; elapsed = 00:00:00 . Memory (MB): peak = 1454.074 ; gain = 0.000
INFO: [Project 1-111] Unisim Transformation Summary:
No Unisim elements were transformed.

Synth Design complete, checksum: cc480e03
INFO: [Common 17-83] Releasing license: Synthesis
27 Infos, 364 Warnings, 0 Critical Warnings and 0 Errors encountered.
synth_design completed successfully
synth_design: Time (s): cpu = 00:00:10 ; elapsed = 00:00:24 . Memory (MB): peak = 1454.074 ; gain = 1035.812
INFO: [Common 17-1381] The checkpoint 'C:/Users/603/Desktop/FPGA/final/final.runs/synth_1/SUBWAY.dcp' has been generated.
INFO: [runtcl-4] Executing : report_utilization -file SUBWAY_utilization_synth.rpt -pb SUBWAY_utilization_synth.pb
INFO: [Common 17-206] Exiting Vivado at Wed Apr 19 19:39:05 2023...
